Using pre-set license
Built from '2021.3/staging' branch; Version is '2021.3.16f1 (4016570cf34f) revision 4200023'; Using compiler version '192829333'; Build Type 'Release'
OS: 'Windows 11  (10.0.22621) 64bit CoreSingleLanguage' Language: 'en' Physical Memory: 16125 MB
BatchMode: 1, IsHumanControllingUs: 0, StartBugReporterOnCrash: 0, Is64bit: 1, IsPro: 1

COMMAND LINE ARGUMENTS:
C:\Program Files\Unity\Hub\Editor\2021.3.16f1\Editor\Unity.exe
-adb2
-batchMode
-noUpm
-name
AssetImportWorker2
-projectPath
C:/SBF/Pokemon
-logFile
Logs/AssetImportWorker2.log
-srvPort
62061
Successfully changed project path to: C:/SBF/Pokemon
C:/SBF/Pokemon
[UnityMemory] Configuration Parameters - Can be set up in boot.config
    "memorysetup-bucket-allocator-granularity=16"
    "memorysetup-bucket-allocator-bucket-count=8"
    "memorysetup-bucket-allocator-block-size=33554432"
    "memorysetup-bucket-allocator-block-count=8"
    "memorysetup-main-allocator-block-size=16777216"
    "memorysetup-thread-allocator-block-size=16777216"
    "memorysetup-gfx-main-allocator-block-size=16777216"
    "memorysetup-gfx-thread-allocator-block-size=16777216"
    "memorysetup-cache-allocator-block-size=4194304"
    "memorysetup-typetree-allocator-block-size=2097152"
    "memorysetup-profiler-bucket-allocator-granularity=16"
    "memorysetup-profiler-bucket-allocator-bucket-count=8"
    "memorysetup-profiler-bucket-allocator-block-size=33554432"
    "memorysetup-profiler-bucket-allocator-block-count=8"
    "memorysetup-profiler-allocator-block-size=16777216"
    "memorysetup-profiler-editor-allocator-block-size=1048576"
    "memorysetup-temp-allocator-size-main=16777216"
    "memorysetup-job-temp-allocator-block-size=2097152"
    "memorysetup-job-temp-allocator-block-size-background=1048576"
    "memorysetup-job-temp-allocator-reduction-small-platforms=262144"
    "memorysetup-temp-allocator-size-background-worker=32768"
    "memorysetup-temp-allocator-size-job-worker=262144"
    "memorysetup-temp-allocator-size-preload-manager=33554432"
    "memorysetup-temp-allocator-size-nav-mesh-worker=65536"
    "memorysetup-temp-allocator-size-audio-worker=65536"
    "memorysetup-temp-allocator-size-cloud-worker=32768"
    "memorysetup-temp-allocator-size-gi-baking-worker=262144"
    "memorysetup-temp-allocator-size-gfx=262144"
Player connection [11788] Host "[IP] 192.168.1.36 [Port] 0 [Flags] 2 [Guid] 1273641015 [EditorId] 1273641015 [Version] 1048832 [Id] WindowsEditor(7,DESKTOP-I290HP6) [Debug] 1 [PackageName] WindowsEditor [ProjectName] Editor" joined multi-casting on [225.0.0.222:54997]...

Player connection [11788] Host "[IP] 192.168.1.36 [Port] 0 [Flags] 2 [Guid] 1273641015 [EditorId] 1273641015 [Version] 1048832 [Id] WindowsEditor(7,DESKTOP-I290HP6) [Debug] 1 [PackageName] WindowsEditor [ProjectName] Editor" joined alternative multi-casting on [225.0.0.222:34997]...

Refreshing native plugins compatible for Editor in 116.28 ms, found 3 plugins.
Preloading 0 native plugins for Editor in 0.00 ms.
Initialize engine version: 2021.3.16f1 (4016570cf34f)
[Subsystems] Discovering subsystems at path C:/Program Files/Unity/Hub/Editor/2021.3.16f1/Editor/Data/Resources/UnitySubsystems
[Subsystems] Discovering subsystems at path C:/SBF/Pokemon/Assets
GfxDevice: creating device client; threaded=0; jobified=0
Direct3D:
    Version:  Direct3D 11.0 [level 11.1]
    Renderer: NVIDIA GeForce RTX 3060 Laptop GPU (ID=0x2520)
    Vendor:   NVIDIA
    VRAM:     6023 MB
    Driver:   31.0.15.1700
Initialize mono
Mono path[0] = 'C:/Program Files/Unity/Hub/Editor/2021.3.16f1/Editor/Data/Managed'
Mono path[1] = 'C:/Program Files/Unity/Hub/Editor/2021.3.16f1/Editor/Data/MonoBleedingEdge/lib/mono/unityjit-win32'
Mono config path = 'C:/Program Files/Unity/Hub/Editor/2021.3.16f1/Editor/Data/MonoBleedingEdge/etc'
Using monoOptions --debugger-agent=transport=dt_socket,embedding=1,server=y,suspend=n,address=127.0.0.1:56904
Begin MonoManager ReloadAssembly
Registering precompiled unity dll's ...
Register platform support module: C:/Program Files/Unity/Hub/Editor/2021.3.16f1/Editor/Data/PlaybackEngines/AndroidPlayer/UnityEditor.Android.Extensions.dll
Register platform support module: C:/Program Files/Unity/Hub/Editor/2021.3.16f1/Editor/Data/PlaybackEngines/iOSSupport/UnityEditor.iOS.Extensions.dll
Register platform support module: C:/Program Files/Unity/Hub/Editor/2021.3.16f1/Editor/Data/PlaybackEngines/WindowsStandaloneSupport/UnityEditor.WindowsStandalone.Extensions.dll
Registered in 0.003733 seconds.
Native extension for WindowsStandalone target not found
[usbmuxd] Start listen thread
[usbmuxd] Listen thread started
Native extension for iOS target not found
Native extension for Android target not found
Refreshing native plugins compatible for Editor in 117.01 ms, found 3 plugins.
Preloading 0 native plugins for Editor in 0.00 ms.
Mono: successfully reloaded assembly
- Completed reload, in  0.592 seconds
Domain Reload Profiling:
	ReloadAssembly (592ms)
		BeginReloadAssembly (55ms)
			ExecutionOrderSort (0ms)
			DisableScriptedObjects (0ms)
			BackupInstance (0ms)
			ReleaseScriptingObjects (0ms)
			CreateAndSetChildDomain (1ms)
		EndReloadAssembly (450ms)
			LoadAssemblies (54ms)
			RebuildTransferFunctionScriptingTraits (0ms)
			SetupTypeCache (98ms)
			ReleaseScriptCaches (0ms)
			RebuildScriptCaches (23ms)
			SetupLoadedEditorAssemblies (282ms)
				LogAssemblyErrors (0ms)
				InitializePlatformSupportModulesInManaged (52ms)
				SetLoadedEditorAssemblies (0ms)
				RefreshPlugins (117ms)
				BeforeProcessingInitializeOnLoad (1ms)
				ProcessInitializeOnLoadAttributes (75ms)
				ProcessInitializeOnLoadMethodAttributes (37ms)
				AfterProcessingInitializeOnLoad (0ms)
				EditorAssembliesLoaded (0ms)
			ExecutionOrderSort2 (0ms)
			AwakeInstancesAfterBackupRestoration (0ms)
Platform modules already initialized, skipping
Registering precompiled user dll's ...
Registered in 0.006136 seconds.
Begin MonoManager ReloadAssembly
Symbol file LoadedFromMemory doesn't match image C:\SBF\Pokemon\Library\PackageCache\com.unity.visualscripting@1.7.8\Editor\VisualScripting.Core\Dependencies\YamlDotNet\Unity.VisualScripting.YamlDotNet.dll
Symbol file LoadedFromMemory doesn't match image C:\SBF\Pokemon\Library\PackageCache\com.unity.visualscripting@1.7.8\Editor\VisualScripting.Core\Dependencies\DotNetZip\Unity.VisualScripting.IonicZip.dll
Native extension for WindowsStandalone target not found
Native extension for iOS target not found
Native extension for Android target not found
Refreshing native plugins compatible for Editor in 106.27 ms, found 3 plugins.
Preloading 0 native plugins for Editor in 0.00 ms.
Mono: successfully reloaded assembly
- Completed reload, in  1.240 seconds
Domain Reload Profiling:
	ReloadAssembly (1240ms)
		BeginReloadAssembly (194ms)
			ExecutionOrderSort (0ms)
			DisableScriptedObjects (5ms)
			BackupInstance (0ms)
			ReleaseScriptingObjects (0ms)
			CreateAndSetChildDomain (129ms)
		EndReloadAssembly (961ms)
			LoadAssemblies (72ms)
			RebuildTransferFunctionScriptingTraits (0ms)
			SetupTypeCache (250ms)
			ReleaseScriptCaches (1ms)
			RebuildScriptCaches (51ms)
			SetupLoadedEditorAssemblies (554ms)
				LogAssemblyErrors (0ms)
				InitializePlatformSupportModulesInManaged (15ms)
				SetLoadedEditorAssemblies (0ms)
				RefreshPlugins (106ms)
				BeforeProcessingInitializeOnLoad (94ms)
				ProcessInitializeOnLoadAttributes (276ms)
				ProcessInitializeOnLoadMethodAttributes (59ms)
				AfterProcessingInitializeOnLoad (4ms)
				EditorAssembliesLoaded (0ms)
			ExecutionOrderSort2 (0ms)
			AwakeInstancesAfterBackupRestoration (4ms)
Platform modules already initialized, skipping
========================================================================
Worker process is ready to serve import requests
Launched and connected shader compiler UnityShaderCompiler.exe after 0.03 seconds
Refreshing native plugins compatible for Editor in 1.15 ms, found 3 plugins.
Preloading 0 native plugins for Editor in 0.00 ms.
Unloading 5926 Unused Serialized files (Serialized files now loaded: 0)
Unloading 76 unused Assets / (7.3 MB). Loaded Objects now: 6372.
Memory consumption went from 269.7 MB to 262.4 MB.
Total: 5.375700 ms (FindLiveObjects: 0.454800 ms CreateObjectMapping: 0.265800 ms MarkObjects: 3.041900 ms  DeleteObjects: 1.612400 ms)

AssetImportParameters requested are different than current active one (requested -> active):
  custom:video-decoder-ogg-theora: a1e56fd34408186e4bbccfd4996cb3dc -> 
  custom:container-muxer-webm: aa71ff27fc2769a1b78a27578f13a17b -> 
  custom:container-demuxer-webm: 4f35f7cbe854078d1ac9338744f61a02 -> 
  custom:video-encoder-webm-vp8: eb34c28f22e8b96e1ab97ce403110664 -> 
  custom:video-codec-MediaFoundation-h265: 746d11721c4dcdbdad8f713fa42b33f4 -> 
  custom:audio-encoder-webm-vorbis: bf7c407c2cedff20999df2af8eb42d56 -> 
  custom:framework-win-MediaFoundation: 216162199b28c13a410421893ffa2e32 -> 
  custom:container-demuxer-ogg: 62fdf1f143b41e24485cea50d1cbac27 -> 
  custom:video-decoder-webm-vp8: 9c59270c3fd7afecdb556c50c9e8de78 -> 
  custom:audio-decoder-ogg-vorbis: bf7c407c2cedff20999df2af8eb42d56 -> 
========================================================================
Received Import Request.
  Time since last request: 399057.989977 seconds.
  path: Assets/Art/Materials/SpaceCapsul
  artifactKey: Guid(6091e8165f334d44fad5a92ac9414c6d) Importer(815301076,1909f56bfc062723c751e8b465ee728b)
Start importing Assets/Art/Materials/SpaceCapsul using Guid(6091e8165f334d44fad5a92ac9414c6d) Importer(815301076,1909f56bfc062723c751e8b465ee728b)  -> (artifact id: '6f7d965767f06270ee43d43ad8c72902') in 0.020643 seconds 
========================================================================
Received Import Request.
  Time since last request: 0.071514 seconds.
  path: Assets/Art/Materials/SpaceCapsul/Particle_Cloud.prefab
  artifactKey: Guid(9e4cdf7fafa698d429c4b97a67e94cb4) Importer(815301076,1909f56bfc062723c751e8b465ee728b)
Start importing Assets/Art/Materials/SpaceCapsul/Particle_Cloud.prefab using Guid(9e4cdf7fafa698d429c4b97a67e94cb4) Importer(815301076,1909f56bfc062723c751e8b465ee728b)  -> (artifact id: '74f14d467a5bb46014b43c11d9ac3c37') in 0.285465 seconds 
========================================================================
Received Import Request.
  Time since last request: 24.658883 seconds.
  path: Assets/GAME/Prefabs/SkillPrefabs
  artifactKey: Guid(1873209dadfa0de48bb3ea5a8a2dcbff) Importer(815301076,1909f56bfc062723c751e8b465ee728b)
Start importing Assets/GAME/Prefabs/SkillPrefabs using Guid(1873209dadfa0de48bb3ea5a8a2dcbff) Importer(815301076,1909f56bfc062723c751e8b465ee728b)  -> (artifact id: '06cc68ac3919fbc62f60052190082868') in 0.009690 seconds 
========================================================================
Received Import Request.
  Time since last request: 49.406621 seconds.
  path: Assets/GAME/Prefabs/GamePrefabs
  artifactKey: Guid(8bb7fc8b58f040c40a07bf81764f740a) Importer(815301076,1909f56bfc062723c751e8b465ee728b)
Start importing Assets/GAME/Prefabs/GamePrefabs using Guid(8bb7fc8b58f040c40a07bf81764f740a) Importer(815301076,1909f56bfc062723c751e8b465ee728b)  -> (artifact id: '882ba682d39e0bae9d70763e9777ba45') in 0.009678 seconds 
========================================================================
Received Import Request.
  Time since last request: 13.767945 seconds.
  path: Assets/GAME/Prefabs/PogPrefab
  artifactKey: Guid(2e654221d5480004b96c3a45521a5cec) Importer(815301076,1909f56bfc062723c751e8b465ee728b)
Start importing Assets/GAME/Prefabs/PogPrefab using Guid(2e654221d5480004b96c3a45521a5cec) Importer(815301076,1909f56bfc062723c751e8b465ee728b)  -> (artifact id: '6b7a95d55ee40bf329f1cb774fdf19fc') in 0.008924 seconds 
========================================================================
Received Import Request.
  Time since last request: 36.979259 seconds.
  path: Assets/GAME/PowerBar
  artifactKey: Guid(12b3881465d6dca4d983a4799e33bbfb) Importer(815301076,1909f56bfc062723c751e8b465ee728b)
Start importing Assets/GAME/PowerBar using Guid(12b3881465d6dca4d983a4799e33bbfb) Importer(815301076,1909f56bfc062723c751e8b465ee728b)  -> (artifact id: '44cc42d453fcd0cfeefa370b92a1bf26') in 0.009627 seconds 
========================================================================
Received Import Request.
  Time since last request: 35.316282 seconds.
  path: Assets/GAME/PokemonMonsterMat
  artifactKey: Guid(78a1510bf24f8f74688bb76abdd48adb) Importer(815301076,1909f56bfc062723c751e8b465ee728b)
Start importing Assets/GAME/PokemonMonsterMat using Guid(78a1510bf24f8f74688bb76abdd48adb) Importer(815301076,1909f56bfc062723c751e8b465ee728b)  -> (artifact id: 'f5e729619d8cdc517c35b47baf698333') in 0.010562 seconds 
========================================================================
Received Import Request.
  Time since last request: 2.794757 seconds.
  path: Assets/GAME/PokemonMonsterPrefabs
  artifactKey: Guid(f6106921094b2354886a56e908a74414) Importer(815301076,1909f56bfc062723c751e8b465ee728b)
Start importing Assets/GAME/PokemonMonsterPrefabs using Guid(f6106921094b2354886a56e908a74414) Importer(815301076,1909f56bfc062723c751e8b465ee728b)  -> (artifact id: 'df08ab3e63b9f93301346b0f18533ea0') in 0.009656 seconds 
========================================================================
Received Import Request.
  Time since last request: 46.996776 seconds.
  path: Assets/GAME/Prefabs/PokeFun
  artifactKey: Guid(1dda50fb572d0cf42bf7ddc9e97dd6b0) Importer(815301076,1909f56bfc062723c751e8b465ee728b)
Start importing Assets/GAME/Prefabs/PokeFun using Guid(1dda50fb572d0cf42bf7ddc9e97dd6b0) Importer(815301076,1909f56bfc062723c751e8b465ee728b)  -> (artifact id: '66ba756440f0407bb07145897b10470a') in 0.009785 seconds 
========================================================================
Received Import Request.
  Time since last request: 15.080720 seconds.
  path: Assets/GAME/Material/PokemonMonsterMat/EnvoMaterial
  artifactKey: Guid(ee22bfa376db4d44a8a3f2aa7d0b97ce) Importer(815301076,1909f56bfc062723c751e8b465ee728b)
Start importing Assets/GAME/Material/PokemonMonsterMat/EnvoMaterial using Guid(ee22bfa376db4d44a8a3f2aa7d0b97ce) Importer(815301076,1909f56bfc062723c751e8b465ee728b)  -> (artifact id: 'e692e7acb715fb3d48117730fa9790b2') in 0.008237 seconds 
========================================================================
Received Import Request.
  Time since last request: 0.171568 seconds.
  path: Assets/GAME/Material/PokemonMonsterMat/EnvoMaterial/Material.mat
  artifactKey: Guid(7547130ed7889874a927229c0e22eb2e) Importer(815301076,1909f56bfc062723c751e8b465ee728b)
Start importing Assets/GAME/Material/PokemonMonsterMat/EnvoMaterial/Material.mat using Guid(7547130ed7889874a927229c0e22eb2e) Importer(815301076,1909f56bfc062723c751e8b465ee728b)  -> (artifact id: '20a7b62e94d286a9dd40921379294915') in 0.034115 seconds 
========================================================================
Received Import Request.
  Time since last request: 25.401934 seconds.
  path: Assets/Art/Images/smoke.jpg
  artifactKey: Guid(f922066cbc72ad641b423f16d3e14db1) Importer(815301076,1909f56bfc062723c751e8b465ee728b)
Start importing Assets/Art/Images/smoke.jpg using Guid(f922066cbc72ad641b423f16d3e14db1) Importer(815301076,1909f56bfc062723c751e8b465ee728b)  -> (artifact id: '3438cf2e9e21a4c225fdc7afca839678') in 0.019397 seconds 
========================================================================
Received Import Request.
  Time since last request: 28.267486 seconds.
  path: Assets/Art/Meshes/PowerBar
  artifactKey: Guid(898b11d49bf201e45bdc3e6f6ee3ff1c) Importer(815301076,1909f56bfc062723c751e8b465ee728b)
Start importing Assets/Art/Meshes/PowerBar using Guid(898b11d49bf201e45bdc3e6f6ee3ff1c) Importer(815301076,1909f56bfc062723c751e8b465ee728b)  -> (artifact id: 'dabbeb898be6ea3110ed48c103d00ef4') in 0.001930 seconds 
========================================================================
Received Import Request.
  Time since last request: 0.087409 seconds.
  path: Assets/Art/Meshes/PowerBar/pCube277.asset
  artifactKey: Guid(c86a6dfdd8bf2464b9f7fda57a9494dc) Importer(815301076,1909f56bfc062723c751e8b465ee728b)
Start importing Assets/Art/Meshes/PowerBar/pCube277.asset using Guid(c86a6dfdd8bf2464b9f7fda57a9494dc) Importer(815301076,1909f56bfc062723c751e8b465ee728b)  -> (artifact id: '02b2766fac28d2475d78e0d59bdc97d2') in 0.028853 seconds 
========================================================================
Received Import Request.
  Time since last request: 0.000025 seconds.
  path: Assets/Art/Meshes/PowerBar/pCube279.asset
  artifactKey: Guid(097c7c75674a1e341b3191d19e580fe5) Importer(815301076,1909f56bfc062723c751e8b465ee728b)
Start importing Assets/Art/Meshes/PowerBar/pCube279.asset using Guid(097c7c75674a1e341b3191d19e580fe5) Importer(815301076,1909f56bfc062723c751e8b465ee728b)  -> (artifact id: '4adb55afbdd0238cdda18f273813b99e') in 0.032071 seconds 
========================================================================
Received Import Request.
  Time since last request: 43.461950 seconds.
  path: Assets/_Game/Art
  artifactKey: Guid(e05e81555dafe204f9c98fa522eacb0c) Importer(815301076,1909f56bfc062723c751e8b465ee728b)
Start importing Assets/_Game/Art using Guid(e05e81555dafe204f9c98fa522eacb0c) Importer(815301076,1909f56bfc062723c751e8b465ee728b)  -> (artifact id: 'fa1234e7ffe18d173da11b8697638405') in 0.074776 seconds 
========================================================================
Received Import Request.
  Time since last request: 8.898933 seconds.
  path: Assets/_Game/Art/Model
  artifactKey: Guid(bdba9f7cbd3ccc1448c0b60e686f686e) Importer(815301076,1909f56bfc062723c751e8b465ee728b)
Start importing Assets/_Game/Art/Model using Guid(bdba9f7cbd3ccc1448c0b60e686f686e) Importer(815301076,1909f56bfc062723c751e8b465ee728b)  -> (artifact id: 'ec7c3f3271b144b8f564a57afc1e550c') in 0.010178 seconds 
========================================================================
Received Import Request.
  Time since last request: 2.056386 seconds.
  path: Assets/_Game/Art/Model/PogEnvoMat
  artifactKey: Guid(c678ae4192a40d74ca73e575ad255dd0) Importer(815301076,1909f56bfc062723c751e8b465ee728b)
Start importing Assets/_Game/Art/Model/PogEnvoMat using Guid(c678ae4192a40d74ca73e575ad255dd0) Importer(815301076,1909f56bfc062723c751e8b465ee728b)  -> (artifact id: '0f3a575844c7963c702ef22dc66266d4') in 0.010025 seconds 
========================================================================
Received Import Request.
  Time since last request: 0.062137 seconds.
  path: Assets/_Game/Art/Model/PogEnvoMat/Merge P.mat
  artifactKey: Guid(678a7be3ad2463840a825605b8c5229d) Importer(815301076,1909f56bfc062723c751e8b465ee728b)
Start importing Assets/_Game/Art/Model/PogEnvoMat/Merge P.mat using Guid(678a7be3ad2463840a825605b8c5229d) Importer(815301076,1909f56bfc062723c751e8b465ee728b)  -> (artifact id: 'de430845e39fd0bd03b9e485e2efeb53') in 0.023639 seconds 
========================================================================
Received Import Request.
  Time since last request: 4.575391 seconds.
  path: Assets/_Game/Art/Sprites/Sprites
  artifactKey: Guid(0ca5d811be5adfd4f8f602d34595ea56) Importer(815301076,1909f56bfc062723c751e8b465ee728b)
Start importing Assets/_Game/Art/Sprites/Sprites using Guid(0ca5d811be5adfd4f8f602d34595ea56) Importer(815301076,1909f56bfc062723c751e8b465ee728b)  -> (artifact id: '4c104c39d5d13b66b03a0490f7949d50') in 0.097289 seconds 
========================================================================
Received Import Request.
  Time since last request: 0.000036 seconds.
  path: Assets/_Game/Art/Sprites/Sprites/Infinity_Shaded.png
  artifactKey: Guid(d403ea504d8792242afa772b10b19db2) Importer(815301076,1909f56bfc062723c751e8b465ee728b)
Start importing Assets/_Game/Art/Sprites/Sprites/Infinity_Shaded.png using Guid(d403ea504d8792242afa772b10b19db2) Importer(815301076,1909f56bfc062723c751e8b465ee728b)  -> (artifact id: '15e8d40b43f8c7f3e4d8180206f7afde') in 0.038906 seconds 
========================================================================
Received Import Request.
  Time since last request: 10.835843 seconds.
  path: Assets/_Game/Fonts/TMPro
  artifactKey: Guid(19272233ffcc7f74a87eb709894567c8) Importer(815301076,1909f56bfc062723c751e8b465ee728b)
Start importing Assets/_Game/Fonts/TMPro using Guid(19272233ffcc7f74a87eb709894567c8) Importer(815301076,1909f56bfc062723c751e8b465ee728b)  -> (artifact id: 'bf763b7143b3ef0b8f3d64de5479e3a5') in 0.009892 seconds 
========================================================================
Received Import Request.
  Time since last request: 0.081640 seconds.
  path: Assets/_Game/Fonts/TMPro/LilitaOne-Regular Outline 120 SDF Atlas.png
  artifactKey: Guid(f4318018eb26b46dd83e7f4c0bfb4a9a) Importer(815301076,1909f56bfc062723c751e8b465ee728b)
Start importing Assets/_Game/Fonts/TMPro/LilitaOne-Regular Outline 120 SDF Atlas.png using Guid(f4318018eb26b46dd83e7f4c0bfb4a9a) Importer(815301076,1909f56bfc062723c751e8b465ee728b)  -> (artifact id: '8ca7406453b5b11ae8c2f2e2e2d10349') in 0.063065 seconds 
========================================================================
Received Import Request.
  Time since last request: 0.000141 seconds.
  path: Assets/_Game/Fonts/TMPro/LilitaOne-Regular Outline 210 SDF Atlas.png
  artifactKey: Guid(344ece39f87ef42eda903eba1635395a) Importer(815301076,1909f56bfc062723c751e8b465ee728b)
Start importing Assets/_Game/Fonts/TMPro/LilitaOne-Regular Outline 210 SDF Atlas.png using Guid(344ece39f87ef42eda903eba1635395a) Importer(815301076,1909f56bfc062723c751e8b465ee728b)  -> (artifact id: 'f27f1668e97322cdd968d8c5d64dbeca') in 0.153040 seconds 
========================================================================
Received Import Request.
  Time since last request: 0.000046 seconds.
  path: Assets/_Game/Fonts/TMPro/LilitaOne-Regular Outline_Extended ASCII_120 SDF.asset
  artifactKey: Guid(8d34560b6d49c4469b2174ccd34ae34b) Importer(815301076,1909f56bfc062723c751e8b465ee728b)
Start importing Assets/_Game/Fonts/TMPro/LilitaOne-Regular Outline_Extended ASCII_120 SDF.asset using Guid(8d34560b6d49c4469b2174ccd34ae34b) Importer(815301076,1909f56bfc062723c751e8b465ee728b)  -> (artifact id: '6a50a2f59b2ea1f9dcc3140c17baf01d') in 0.049925 seconds 
========================================================================
Received Prepare
Registering precompiled user dll's ...
Registered in 0.006236 seconds.
Begin MonoManager ReloadAssembly
Symbol file LoadedFromMemory doesn't match image C:\SBF\Pokemon\Library\PackageCache\com.unity.visualscripting@1.7.8\Editor\VisualScripting.Core\Dependencies\YamlDotNet\Unity.VisualScripting.YamlDotNet.dll
Symbol file LoadedFromMemory doesn't match image C:\SBF\Pokemon\Library\PackageCache\com.unity.visualscripting@1.7.8\Editor\VisualScripting.Core\Dependencies\DotNetZip\Unity.VisualScripting.IonicZip.dll
Native extension for WindowsStandalone target not found
Native extension for iOS target not found
Native extension for Android target not found
Refreshing native plugins compatible for Editor in 1.13 ms, found 3 plugins.
Preloading 0 native plugins for Editor in 0.00 ms.
Mono: successfully reloaded assembly
- Completed reload, in  1.184 seconds
Domain Reload Profiling:
	ReloadAssembly (1185ms)
		BeginReloadAssembly (152ms)
			ExecutionOrderSort (0ms)
			DisableScriptedObjects (6ms)
			BackupInstance (0ms)
			ReleaseScriptingObjects (0ms)
			CreateAndSetChildDomain (60ms)
		EndReloadAssembly (939ms)
			LoadAssemblies (102ms)
			RebuildTransferFunctionScriptingTraits (0ms)
			SetupTypeCache (296ms)
			ReleaseScriptCaches (2ms)
			RebuildScriptCaches (43ms)
			SetupLoadedEditorAssemblies (434ms)
				LogAssemblyErrors (0ms)
				InitializePlatformSupportModulesInManaged (24ms)
				SetLoadedEditorAssemblies (0ms)
				RefreshPlugins (1ms)
				BeforeProcessingInitializeOnLoad (74ms)
				ProcessInitializeOnLoadAttributes (269ms)
				ProcessInitializeOnLoadMethodAttributes (61ms)
				AfterProcessingInitializeOnLoad (5ms)
				EditorAssembliesLoaded (0ms)
			ExecutionOrderSort2 (0ms)
			AwakeInstancesAfterBackupRestoration (10ms)
Platform modules already initialized, skipping
Refreshing native plugins compatible for Editor in 4.12 ms, found 3 plugins.
Preloading 0 native plugins for Editor in 0.00 ms.
Unloading 5729 Unused Serialized files (Serialized files now loaded: 0)
Unloading 55 unused Assets / (7.3 MB). Loaded Objects now: 6487.
Memory consumption went from 261.6 MB to 254.3 MB.
Total: 6.376900 ms (FindLiveObjects: 0.828200 ms CreateObjectMapping: 0.265800 ms MarkObjects: 3.470200 ms  DeleteObjects: 1.810900 ms)

AssetImportParameters requested are different than current active one (requested -> active):
  custom:video-decoder-ogg-theora: a1e56fd34408186e4bbccfd4996cb3dc -> 
  custom:container-muxer-webm: aa71ff27fc2769a1b78a27578f13a17b -> 
  custom:container-demuxer-webm: 4f35f7cbe854078d1ac9338744f61a02 -> 
  custom:video-encoder-webm-vp8: eb34c28f22e8b96e1ab97ce403110664 -> 
  custom:video-codec-MediaFoundation-h265: 746d11721c4dcdbdad8f713fa42b33f4 -> 
  custom:audio-encoder-webm-vorbis: bf7c407c2cedff20999df2af8eb42d56 -> 
  custom:framework-win-MediaFoundation: 216162199b28c13a410421893ffa2e32 -> 
  custom:container-demuxer-ogg: 62fdf1f143b41e24485cea50d1cbac27 -> 
  custom:video-decoder-webm-vp8: 9c59270c3fd7afecdb556c50c9e8de78 -> 
  custom:audio-decoder-ogg-vorbis: bf7c407c2cedff20999df2af8eb42d56 -> 
Editor requested this worker to shutdown with reason: Scaling down because of idle timeout
AssetImportWorker is now disconnected from the server
Process exiting
Exiting without the bug reporter. Application will terminate with return code 0