Using pre-set license
Built from '2021.3/staging' branch; Version is '2021.3.16f1 (4016570cf34f) revision 4200023'; Using compiler version '192829333'; Build Type 'Release'
OS: 'Windows 11  (10.0.22621) 64bit CoreSingleLanguage' Language: 'en' Physical Memory: 16125 MB
BatchMode: 1, IsHumanControllingUs: 0, StartBugReporterOnCrash: 0, Is64bit: 1, IsPro: 1

COMMAND LINE ARGUMENTS:
C:\Program Files\Unity\Hub\Editor\2021.3.16f1\Editor\Unity.exe
-adb2
-batchMode
-noUpm
-name
AssetImportWorker6
-projectPath
C:/SBF/Pokemon
-logFile
Logs/AssetImportWorker6.log
-srvPort
62061
Successfully changed project path to: C:/SBF/Pokemon
C:/SBF/Pokemon
[UnityMemory] Configuration Parameters - Can be set up in boot.config
    "memorysetup-bucket-allocator-granularity=16"
    "memorysetup-bucket-allocator-bucket-count=8"
    "memorysetup-bucket-allocator-block-size=33554432"
    "memorysetup-bucket-allocator-block-count=8"
    "memorysetup-main-allocator-block-size=16777216"
    "memorysetup-thread-allocator-block-size=16777216"
    "memorysetup-gfx-main-allocator-block-size=16777216"
    "memorysetup-gfx-thread-allocator-block-size=16777216"
    "memorysetup-cache-allocator-block-size=4194304"
    "memorysetup-typetree-allocator-block-size=2097152"
    "memorysetup-profiler-bucket-allocator-granularity=16"
    "memorysetup-profiler-bucket-allocator-bucket-count=8"
    "memorysetup-profiler-bucket-allocator-block-size=33554432"
    "memorysetup-profiler-bucket-allocator-block-count=8"
    "memorysetup-profiler-allocator-block-size=16777216"
    "memorysetup-profiler-editor-allocator-block-size=1048576"
    "memorysetup-temp-allocator-size-main=16777216"
    "memorysetup-job-temp-allocator-block-size=2097152"
    "memorysetup-job-temp-allocator-block-size-background=1048576"
    "memorysetup-job-temp-allocator-reduction-small-platforms=262144"
    "memorysetup-temp-allocator-size-background-worker=32768"
    "memorysetup-temp-allocator-size-job-worker=262144"
    "memorysetup-temp-allocator-size-preload-manager=33554432"
    "memorysetup-temp-allocator-size-nav-mesh-worker=65536"
    "memorysetup-temp-allocator-size-audio-worker=65536"
    "memorysetup-temp-allocator-size-cloud-worker=32768"
    "memorysetup-temp-allocator-size-gi-baking-worker=262144"
    "memorysetup-temp-allocator-size-gfx=262144"
Player connection [7784] Host "[IP] 192.168.1.36 [Port] 0 [Flags] 2 [Guid] 2503266098 [EditorId] 2503266098 [Version] 1048832 [Id] WindowsEditor(7,DESKTOP-I290HP6) [Debug] 1 [PackageName] WindowsEditor [ProjectName] Editor" joined multi-casting on [225.0.0.222:54997]...

Player connection [7784] Host "[IP] 192.168.1.36 [Port] 0 [Flags] 2 [Guid] 2503266098 [EditorId] 2503266098 [Version] 1048832 [Id] WindowsEditor(7,DESKTOP-I290HP6) [Debug] 1 [PackageName] WindowsEditor [ProjectName] Editor" joined alternative multi-casting on [225.0.0.222:34997]...

Refreshing native plugins compatible for Editor in 120.77 ms, found 3 plugins.
Preloading 0 native plugins for Editor in 0.00 ms.
Initialize engine version: 2021.3.16f1 (4016570cf34f)
[Subsystems] Discovering subsystems at path C:/Program Files/Unity/Hub/Editor/2021.3.16f1/Editor/Data/Resources/UnitySubsystems
[Subsystems] Discovering subsystems at path C:/SBF/Pokemon/Assets
GfxDevice: creating device client; threaded=0; jobified=0
Direct3D:
    Version:  Direct3D 11.0 [level 11.1]
    Renderer: NVIDIA GeForce RTX 3060 Laptop GPU (ID=0x2520)
    Vendor:   NVIDIA
    VRAM:     6023 MB
    Driver:   31.0.15.1700
Initialize mono
Mono path[0] = 'C:/Program Files/Unity/Hub/Editor/2021.3.16f1/Editor/Data/Managed'
Mono path[1] = 'C:/Program Files/Unity/Hub/Editor/2021.3.16f1/Editor/Data/MonoBleedingEdge/lib/mono/unityjit-win32'
Mono config path = 'C:/Program Files/Unity/Hub/Editor/2021.3.16f1/Editor/Data/MonoBleedingEdge/etc'
Using monoOptions --debugger-agent=transport=dt_socket,embedding=1,server=y,suspend=n,address=127.0.0.1:56684
Begin MonoManager ReloadAssembly
Registering precompiled unity dll's ...
Register platform support module: C:/Program Files/Unity/Hub/Editor/2021.3.16f1/Editor/Data/PlaybackEngines/AndroidPlayer/UnityEditor.Android.Extensions.dll
Register platform support module: C:/Program Files/Unity/Hub/Editor/2021.3.16f1/Editor/Data/PlaybackEngines/iOSSupport/UnityEditor.iOS.Extensions.dll
Register platform support module: C:/Program Files/Unity/Hub/Editor/2021.3.16f1/Editor/Data/PlaybackEngines/WindowsStandaloneSupport/UnityEditor.WindowsStandalone.Extensions.dll
Registered in 0.004453 seconds.
Native extension for WindowsStandalone target not found
[usbmuxd] Start listen thread
[usbmuxd] Listen thread started
Native extension for iOS target not found
Native extension for Android target not found
Refreshing native plugins compatible for Editor in 120.09 ms, found 3 plugins.
Preloading 0 native plugins for Editor in 0.00 ms.
Mono: successfully reloaded assembly
- Completed reload, in  0.631 seconds
Domain Reload Profiling:
	ReloadAssembly (632ms)
		BeginReloadAssembly (70ms)
			ExecutionOrderSort (0ms)
			DisableScriptedObjects (0ms)
			BackupInstance (0ms)
			ReleaseScriptingObjects (0ms)
			CreateAndSetChildDomain (1ms)
		EndReloadAssembly (466ms)
			LoadAssemblies (69ms)
			RebuildTransferFunctionScriptingTraits (0ms)
			SetupTypeCache (99ms)
			ReleaseScriptCaches (0ms)
			RebuildScriptCaches (24ms)
			SetupLoadedEditorAssemblies (294ms)
				LogAssemblyErrors (0ms)
				InitializePlatformSupportModulesInManaged (57ms)
				SetLoadedEditorAssemblies (2ms)
				RefreshPlugins (120ms)
				BeforeProcessingInitializeOnLoad (1ms)
				ProcessInitializeOnLoadAttributes (77ms)
				ProcessInitializeOnLoadMethodAttributes (37ms)
				AfterProcessingInitializeOnLoad (0ms)
				EditorAssembliesLoaded (0ms)
			ExecutionOrderSort2 (0ms)
			AwakeInstancesAfterBackupRestoration (0ms)
Platform modules already initialized, skipping
Registering precompiled user dll's ...
Registered in 0.006445 seconds.
Begin MonoManager ReloadAssembly
Symbol file LoadedFromMemory doesn't match image C:\SBF\Pokemon\Library\PackageCache\com.unity.visualscripting@1.7.8\Editor\VisualScripting.Core\Dependencies\YamlDotNet\Unity.VisualScripting.YamlDotNet.dll
Symbol file LoadedFromMemory doesn't match image C:\SBF\Pokemon\Library\PackageCache\com.unity.visualscripting@1.7.8\Editor\VisualScripting.Core\Dependencies\DotNetZip\Unity.VisualScripting.IonicZip.dll
Native extension for WindowsStandalone target not found
Native extension for iOS target not found
Native extension for Android target not found
Refreshing native plugins compatible for Editor in 117.39 ms, found 3 plugins.
Preloading 0 native plugins for Editor in 0.00 ms.
Mono: successfully reloaded assembly
- Completed reload, in  1.573 seconds
Domain Reload Profiling:
	ReloadAssembly (1574ms)
		BeginReloadAssembly (215ms)
			ExecutionOrderSort (0ms)
			DisableScriptedObjects (5ms)
			BackupInstance (0ms)
			ReleaseScriptingObjects (0ms)
			CreateAndSetChildDomain (136ms)
		EndReloadAssembly (1257ms)
			LoadAssemblies (97ms)
			RebuildTransferFunctionScriptingTraits (0ms)
			SetupTypeCache (315ms)
			ReleaseScriptCaches (1ms)
			RebuildScriptCaches (67ms)
			SetupLoadedEditorAssemblies (738ms)
				LogAssemblyErrors (0ms)
				InitializePlatformSupportModulesInManaged (20ms)
				SetLoadedEditorAssemblies (0ms)
				RefreshPlugins (117ms)
				BeforeProcessingInitializeOnLoad (106ms)
				ProcessInitializeOnLoadAttributes (422ms)
				ProcessInitializeOnLoadMethodAttributes (67ms)
				AfterProcessingInitializeOnLoad (5ms)
				EditorAssembliesLoaded (0ms)
			ExecutionOrderSort2 (0ms)
			AwakeInstancesAfterBackupRestoration (4ms)
Platform modules already initialized, skipping
========================================================================
Worker process is ready to serve import requests
Launched and connected shader compiler UnityShaderCompiler.exe after 0.04 seconds
Refreshing native plugins compatible for Editor in 2.50 ms, found 3 plugins.
Preloading 0 native plugins for Editor in 0.00 ms.
Unloading 5924 Unused Serialized files (Serialized files now loaded: 0)
Unloading 76 unused Assets / (7.3 MB). Loaded Objects now: 6370.
Memory consumption went from 269.7 MB to 262.4 MB.
Total: 9.273900 ms (FindLiveObjects: 0.636000 ms CreateObjectMapping: 0.472100 ms MarkObjects: 4.796800 ms  DeleteObjects: 3.367200 ms)

AssetImportParameters requested are different than current active one (requested -> active):
  custom:video-decoder-ogg-theora: a1e56fd34408186e4bbccfd4996cb3dc -> 
  custom:container-muxer-webm: aa71ff27fc2769a1b78a27578f13a17b -> 
  custom:container-demuxer-webm: 4f35f7cbe854078d1ac9338744f61a02 -> 
  custom:video-encoder-webm-vp8: eb34c28f22e8b96e1ab97ce403110664 -> 
  custom:video-codec-MediaFoundation-h265: 746d11721c4dcdbdad8f713fa42b33f4 -> 
  custom:audio-encoder-webm-vorbis: bf7c407c2cedff20999df2af8eb42d56 -> 
  custom:framework-win-MediaFoundation: 216162199b28c13a410421893ffa2e32 -> 
  custom:container-demuxer-ogg: 62fdf1f143b41e24485cea50d1cbac27 -> 
  custom:video-decoder-webm-vp8: 9c59270c3fd7afecdb556c50c9e8de78 -> 
  custom:audio-decoder-ogg-vorbis: bf7c407c2cedff20999df2af8eb42d56 -> 
========================================================================
Received Import Request.
  Time since last request: 403045.129474 seconds.
  path: Assets/MarketAssets/Toony Colors Pro/Demo TCP2/SG Demo Assets/PBS/TCP2_Demo_Robot_HandPainted.mat
  artifactKey: Guid(a967bf342b9bcc249bf08cbd0a9eed71) Importer(815301076,1909f56bfc062723c751e8b465ee728b)
Start importing Assets/MarketAssets/Toony Colors Pro/Demo TCP2/SG Demo Assets/PBS/TCP2_Demo_Robot_HandPainted.mat using Guid(a967bf342b9bcc249bf08cbd0a9eed71) Importer(815301076,1909f56bfc062723c751e8b465ee728b)  -> (artifact id: 'c8e5a6e7de5195b001131d67140e275d') in 0.478610 seconds 
========================================================================
Received Import Request.
  Time since last request: 0.000047 seconds.
  path: Assets/MarketAssets/StylizedWater2/_Demo/DemoAssets/Materials/SWS_DemoSkybox.mat
  artifactKey: Guid(3d48ebb64507a6e43bba7a5ef43f06ec) Importer(815301076,1909f56bfc062723c751e8b465ee728b)
Start importing Assets/MarketAssets/StylizedWater2/_Demo/DemoAssets/Materials/SWS_DemoSkybox.mat using Guid(3d48ebb64507a6e43bba7a5ef43f06ec) Importer(815301076,1909f56bfc062723c751e8b465ee728b)  -> (artifact id: 'f10220d0bb2ef78e45e6d5a766ae048c') in 0.041688 seconds 
========================================================================
Received Import Request.
  Time since last request: 0.000045 seconds.
  path: Assets/MarketAssets/Toony Colors Pro/Demo TCP2/SG Demo Assets/_Misc Assets/TCP2_Demo_Balloon.mat
  artifactKey: Guid(11b59625d2a27774b9f822bf1bd4d48a) Importer(815301076,1909f56bfc062723c751e8b465ee728b)
Start importing Assets/MarketAssets/Toony Colors Pro/Demo TCP2/SG Demo Assets/_Misc Assets/TCP2_Demo_Balloon.mat using Guid(11b59625d2a27774b9f822bf1bd4d48a) Importer(815301076,1909f56bfc062723c751e8b465ee728b)  -> (artifact id: '2d1c8b154c2a29e9cd320264c3af36ef') in 0.035889 seconds 
========================================================================
Received Import Request.
  Time since last request: 0.000030 seconds.
  path: Assets/MarketAssets/Epic Toon FX/Materials/Misc/Explosions/explosion_spritesheet_3x3_AB.mat
  artifactKey: Guid(e7912d15146fcf145afaaedec646b781) Importer(815301076,1909f56bfc062723c751e8b465ee728b)
Start importing Assets/MarketAssets/Epic Toon FX/Materials/Misc/Explosions/explosion_spritesheet_3x3_AB.mat using Guid(e7912d15146fcf145afaaedec646b781) Importer(815301076,1909f56bfc062723c751e8b465ee728b)  -> (artifact id: '8cd846a3983aeccb943a5e440a8531ac') in 0.029710 seconds 
========================================================================
Received Import Request.
  Time since last request: 0.000044 seconds.
  path: Assets/MarketAssets/Toony Colors Pro/Demo TCP2/Hybrid Shader Demo Assets/Robot Standard.mat
  artifactKey: Guid(8faba72b94886b04ab1d13c158cd5185) Importer(815301076,1909f56bfc062723c751e8b465ee728b)
Start importing Assets/MarketAssets/Toony Colors Pro/Demo TCP2/Hybrid Shader Demo Assets/Robot Standard.mat using Guid(8faba72b94886b04ab1d13c158cd5185) Importer(815301076,1909f56bfc062723c751e8b465ee728b)  -> (artifact id: 'deb7828fa13f53b358d55b92cdc68323') in 0.675672 seconds 
========================================================================
Received Import Request.
  Time since last request: 0.000036 seconds.
  path: Assets/MarketAssets/StylizedWater2/_Demo/DemoAssets/Materials/SWS_DemoTerrain.mat
  artifactKey: Guid(e50fc5ffa8471d8489c03e53184d5b0f) Importer(815301076,1909f56bfc062723c751e8b465ee728b)
Start importing Assets/MarketAssets/StylizedWater2/_Demo/DemoAssets/Materials/SWS_DemoTerrain.mat using Guid(e50fc5ffa8471d8489c03e53184d5b0f) Importer(815301076,1909f56bfc062723c751e8b465ee728b)  -> (artifact id: '813d1ea7319932828482dfde307e616a') in 0.944653 seconds 
========================================================================
Received Import Request.
  Time since last request: 0.000034 seconds.
  path: Assets/MarketAssets/Toony Colors Pro/Demo TCP2/SG Demo Assets/Water/TCP2_Demo_Poison.mat
  artifactKey: Guid(389cb0cfdd41e30428c707957f63188c) Importer(815301076,1909f56bfc062723c751e8b465ee728b)
Start importing Assets/MarketAssets/Toony Colors Pro/Demo TCP2/SG Demo Assets/Water/TCP2_Demo_Poison.mat using Guid(389cb0cfdd41e30428c707957f63188c) Importer(815301076,1909f56bfc062723c751e8b465ee728b)  -> (artifact id: 'e543f5549e71073b356f58923e9e7cc4') in 0.053043 seconds 
========================================================================
Received Import Request.
  Time since last request: 0.000030 seconds.
  path: Assets/MarketAssets/StylizedWater2/Materials/StylizedWater2_Lowpoly.mat
  artifactKey: Guid(a0b5f77a73da34b4aa3402decf70e1c7) Importer(815301076,1909f56bfc062723c751e8b465ee728b)
Start importing Assets/MarketAssets/StylizedWater2/Materials/StylizedWater2_Lowpoly.mat using Guid(a0b5f77a73da34b4aa3402decf70e1c7) Importer(815301076,1909f56bfc062723c751e8b465ee728b)  -> (artifact id: 'e785162daf2db3d3a7aca95382d1e4df') in 0.063911 seconds 
========================================================================
Received Import Request.
  Time since last request: 0.000037 seconds.
  path: Assets/MarketAssets/Toony Colors Pro/Demo TCP2/Cat Demo Assets/Materials/TCP2_Demo_BrickWall_Flat.mat
  artifactKey: Guid(2af672e9f6aba774db7c2ee1e800a98f) Importer(815301076,1909f56bfc062723c751e8b465ee728b)
Start importing Assets/MarketAssets/Toony Colors Pro/Demo TCP2/Cat Demo Assets/Materials/TCP2_Demo_BrickWall_Flat.mat using Guid(2af672e9f6aba774db7c2ee1e800a98f) Importer(815301076,1909f56bfc062723c751e8b465ee728b)  -> (artifact id: '8d76bf183407d0072653371004027b15') in 0.036151 seconds 
========================================================================
Received Import Request.
  Time since last request: 0.000029 seconds.
  path: Assets/MarketAssets/StylizedWater2/_Demo/DemoAssets/Materials/Barrel.mat
  artifactKey: Guid(bcc47b10e75343346a0ee045450ed282) Importer(815301076,1909f56bfc062723c751e8b465ee728b)
Start importing Assets/MarketAssets/StylizedWater2/_Demo/DemoAssets/Materials/Barrel.mat using Guid(bcc47b10e75343346a0ee045450ed282) Importer(815301076,1909f56bfc062723c751e8b465ee728b)  -> (artifact id: 'e43acf629001faed7656e84b2e323b4f') in 0.699491 seconds 
========================================================================
Received Import Request.
  Time since last request: 0.000035 seconds.
  path: Assets/GAME/Model/Models/Monsters Ultimate Pack 01 Cute Series/Monsters Ultimate Pack 01 Cute Series/Bat Cute Series/FBX/Bat@Idle.FBX
  artifactKey: Guid(5ac00d3df3341eb4cb96d7fc548cfdd2) Importer(815301076,1909f56bfc062723c751e8b465ee728b)
Start importing Assets/GAME/Model/Models/Monsters Ultimate Pack 01 Cute Series/Monsters Ultimate Pack 01 Cute Series/Bat Cute Series/FBX/Bat@Idle.FBX using Guid(5ac00d3df3341eb4cb96d7fc548cfdd2) Importer(815301076,1909f56bfc062723c751e8b465ee728b)  -> (artifact id: '66c543b9bccde27e9ee56ccbde41c4b0') in 0.092029 seconds 
========================================================================
Received Import Request.
  Time since last request: 0.000051 seconds.
  path: Assets/MarketAssets/Toony Colors Pro/Demo TCP2/Cat Demo Assets/Materials/UnityChan/TCP2_Demo_UnityChan style1.mat
  artifactKey: Guid(b3a4311485e827346b370081432ddfe0) Importer(815301076,1909f56bfc062723c751e8b465ee728b)
Start importing Assets/MarketAssets/Toony Colors Pro/Demo TCP2/Cat Demo Assets/Materials/UnityChan/TCP2_Demo_UnityChan style1.mat using Guid(b3a4311485e827346b370081432ddfe0) Importer(815301076,1909f56bfc062723c751e8b465ee728b)  -> (artifact id: 'cf3b18ebac8418f0600e427c3a2ae392') in 0.030100 seconds 
========================================================================
Received Import Request.
  Time since last request: 0.000025 seconds.
  path: Assets/GAME/Material/PokemonMaterial/Shellder/Spike.mat
  artifactKey: Guid(a7dc99d33d2a5644989dd4129d3b3a92) Importer(815301076,1909f56bfc062723c751e8b465ee728b)
Start importing Assets/GAME/Material/PokemonMaterial/Shellder/Spike.mat using Guid(a7dc99d33d2a5644989dd4129d3b3a92) Importer(815301076,1909f56bfc062723c751e8b465ee728b)  -> (artifact id: 'f6178f12d5a7656f0e39967235897309') in 0.017613 seconds 
========================================================================
Received Import Request.
  Time since last request: 0.000039 seconds.
  path: Assets/MarketAssets/StylizedWater2/_Demo/DemoAssets/Materials/SWS_DemoPalmBaby.mat
  artifactKey: Guid(1ed81e3b1c8cb2642847227bd832c87b) Importer(815301076,1909f56bfc062723c751e8b465ee728b)
Start importing Assets/MarketAssets/StylizedWater2/_Demo/DemoAssets/Materials/SWS_DemoPalmBaby.mat using Guid(1ed81e3b1c8cb2642847227bd832c87b) Importer(815301076,1909f56bfc062723c751e8b465ee728b)  -> (artifact id: 'f1947806aaf338913b5138b5128bd5c2') in 0.993874 seconds 
========================================================================
Received Import Request.
  Time since last request: 0.000052 seconds.
  path: Assets/MarketAssets/Toony Colors Pro/Demo TCP2/Cat Demo Assets/Materials/UnityChan/TCP2_Demo_UnityChan style3.mat
  artifactKey: Guid(8c96a0c3889643048ba58d1a516282e3) Importer(815301076,1909f56bfc062723c751e8b465ee728b)
Start importing Assets/MarketAssets/Toony Colors Pro/Demo TCP2/Cat Demo Assets/Materials/UnityChan/TCP2_Demo_UnityChan style3.mat using Guid(8c96a0c3889643048ba58d1a516282e3) Importer(815301076,1909f56bfc062723c751e8b465ee728b)  -> (artifact id: '3415f3a84a4c8f682343306d347c3bb5') in 0.030697 seconds 
========================================================================
Received Import Request.
  Time since last request: 0.000053 seconds.
  path: Assets/MarketAssets/Toony Colors Pro/Demo TCP2/Cat Demo Assets/Materials/UnityChan/TCP2_Demo_UnityChan style3 flat.mat
  artifactKey: Guid(8f94a9d80ef0e014b9c0282eed5685ad) Importer(815301076,1909f56bfc062723c751e8b465ee728b)
Start importing Assets/MarketAssets/Toony Colors Pro/Demo TCP2/Cat Demo Assets/Materials/UnityChan/TCP2_Demo_UnityChan style3 flat.mat using Guid(8f94a9d80ef0e014b9c0282eed5685ad) Importer(815301076,1909f56bfc062723c751e8b465ee728b)  -> (artifact id: 'e82a8b5b41e28b1574328b453789cc43') in 0.026270 seconds 
========================================================================
Received Import Request.
  Time since last request: 0.000030 seconds.
  path: Assets/MarketAssets/Epic Toon FX/Materials/Misc/Sword/slash_ADD.mat
  artifactKey: Guid(9e2411d65e8b2094eaa91113863f37d4) Importer(815301076,1909f56bfc062723c751e8b465ee728b)
Start importing Assets/MarketAssets/Epic Toon FX/Materials/Misc/Sword/slash_ADD.mat using Guid(9e2411d65e8b2094eaa91113863f37d4) Importer(815301076,1909f56bfc062723c751e8b465ee728b)  -> (artifact id: 'a72f7eec4a62eb704d49ca4d31d9702f') in 0.031690 seconds 
========================================================================
Received Import Request.
  Time since last request: 0.000034 seconds.
  path: Assets/MarketAssets/Toony Colors Pro/Demo TCP2/SG Demo Assets/_Misc Assets/TCP2_Demo_3DText.mat
  artifactKey: Guid(e3523fdb6c8984448ac4f830e81c2224) Importer(815301076,1909f56bfc062723c751e8b465ee728b)
Start importing Assets/MarketAssets/Toony Colors Pro/Demo TCP2/SG Demo Assets/_Misc Assets/TCP2_Demo_3DText.mat using Guid(e3523fdb6c8984448ac4f830e81c2224) Importer(815301076,1909f56bfc062723c751e8b465ee728b)  -> (artifact id: 'd62f91220e30a6277461fccd3e6fbb6c') in 0.029114 seconds 
========================================================================
Received Import Request.
  Time since last request: 0.000034 seconds.
  path: Assets/MarketAssets/StylizedWater2/Materials/Effects/SplashParticle.mat
  artifactKey: Guid(36b83f0b942f0634187136771c93c7b8) Importer(815301076,1909f56bfc062723c751e8b465ee728b)
Start importing Assets/MarketAssets/StylizedWater2/Materials/Effects/SplashParticle.mat using Guid(36b83f0b942f0634187136771c93c7b8) Importer(815301076,1909f56bfc062723c751e8b465ee728b)  -> (artifact id: '2893f4fa84656f2320c38e9f4d3ab778') in 0.310197 seconds 
========================================================================
Received Import Request.
  Time since last request: 0.000048 seconds.
  path: Assets/GAME/Material/PokemonMaterial/Shellder/Hermit King.mat
  artifactKey: Guid(68c1542d3de79d14985c256ddd2e4106) Importer(815301076,1909f56bfc062723c751e8b465ee728b)
Start importing Assets/GAME/Material/PokemonMaterial/Shellder/Hermit King.mat using Guid(68c1542d3de79d14985c256ddd2e4106) Importer(815301076,1909f56bfc062723c751e8b465ee728b)  -> (artifact id: '0d08791a7e8492c20e6657ff2a59ad8a') in 0.021066 seconds 
========================================================================
Received Import Request.
  Time since last request: 0.000053 seconds.
  path: Assets/MarketAssets/3rdParty/Polygon Arsenal/Materials/Solids/PolySolidGlow.mat
  artifactKey: Guid(46c46885d5e9e194ba96e80d167e7a05) Importer(815301076,1909f56bfc062723c751e8b465ee728b)
Start importing Assets/MarketAssets/3rdParty/Polygon Arsenal/Materials/Solids/PolySolidGlow.mat using Guid(46c46885d5e9e194ba96e80d167e7a05) Importer(815301076,1909f56bfc062723c751e8b465ee728b)  -> (artifact id: '5c10041edcdd2e5ff6182d0c4ad64e1a') in 0.017929 seconds 
========================================================================
Received Import Request.
  Time since last request: 0.000032 seconds.
  path: Assets/MarketAssets/Toony Colors Pro/Editor/Fonts/Roboto/Roboto-Regular.ttf
  artifactKey: Guid(8a406076b7de34849be1f35585875a66) Importer(815301076,1909f56bfc062723c751e8b465ee728b)
Start importing Assets/MarketAssets/Toony Colors Pro/Editor/Fonts/Roboto/Roboto-Regular.ttf using Guid(8a406076b7de34849be1f35585875a66) Importer(815301076,1909f56bfc062723c751e8b465ee728b)  -> (artifact id: 'd9f6b34d2b856332fbe568f0f28807fb') in 0.037371 seconds 
========================================================================
Received Import Request.
  Time since last request: 0.000026 seconds.
  path: Assets/GAME/Model/Models/Monsters Ultimate Pack 01 Cute Series/Monsters Ultimate Pack 01 Cute Series/Shadow Cute Series/FBX/Shadow.FBX
  artifactKey: Guid(5108a7df5817a5a42a6b0c8a811fb5dd) Importer(815301076,1909f56bfc062723c751e8b465ee728b)
Start importing Assets/GAME/Model/Models/Monsters Ultimate Pack 01 Cute Series/Monsters Ultimate Pack 01 Cute Series/Shadow Cute Series/FBX/Shadow.FBX using Guid(5108a7df5817a5a42a6b0c8a811fb5dd) Importer(815301076,1909f56bfc062723c751e8b465ee728b)  -> (artifact id: 'e6ec22e10746c88c0073772058a85b4a') in 0.062359 seconds 
========================================================================
Received Import Request.
  Time since last request: 0.000065 seconds.
  path: Assets/MarketAssets/Toony Colors Pro/Demo TCP2/SG Demo Assets/Water/TCP2_Demo_Lava Cartoon.mat
  artifactKey: Guid(4fd5bc199de790948b2ca08687c92062) Importer(815301076,1909f56bfc062723c751e8b465ee728b)
Start importing Assets/MarketAssets/Toony Colors Pro/Demo TCP2/SG Demo Assets/Water/TCP2_Demo_Lava Cartoon.mat using Guid(4fd5bc199de790948b2ca08687c92062) Importer(815301076,1909f56bfc062723c751e8b465ee728b)  -> (artifact id: '0fb936c9fa0126dce5b962ed7b505100') in 0.037272 seconds 
========================================================================
Received Import Request.
  Time since last request: 0.000027 seconds.
  path: Assets/GAME/Model/Models/Monsters Ultimate Pack 01 Cute Series/Monsters Ultimate Pack 01 Cute Series/Bat Lord Cute Series/FBX/Bat Lord@Take Damage.FBX
  artifactKey: Guid(acc4a09a318223649be06fc6e4e772a8) Importer(815301076,1909f56bfc062723c751e8b465ee728b)
Start importing Assets/GAME/Model/Models/Monsters Ultimate Pack 01 Cute Series/Monsters Ultimate Pack 01 Cute Series/Bat Lord Cute Series/FBX/Bat Lord@Take Damage.FBX using Guid(acc4a09a318223649be06fc6e4e772a8) Importer(815301076,1909f56bfc062723c751e8b465ee728b)  -> (artifact id: 'e6d619cd346c5561301b705565df298a') in 0.052827 seconds 
========================================================================
Received Import Request.
  Time since last request: 0.000039 seconds.
  path: Assets/GAME/Material/PokemonMaterial/Purple/Bud.mat
  artifactKey: Guid(d0125230f8ad5c64f99050900838ff09) Importer(815301076,1909f56bfc062723c751e8b465ee728b)
Start importing Assets/GAME/Material/PokemonMaterial/Purple/Bud.mat using Guid(d0125230f8ad5c64f99050900838ff09) Importer(815301076,1909f56bfc062723c751e8b465ee728b)  -> (artifact id: 'dffdaac26ad8055638f9dd86aebc5313') in 0.606221 seconds 
========================================================================
Received Import Request.
  Time since last request: 0.000074 seconds.
  path: Assets/GAME/Model/Models/Monsters Ultimate Pack 01 Cute Series/Monsters Ultimate Pack 01 Cute Series/Bat Lord Cute Series/FBX/Bat Lord.FBX
  artifactKey: Guid(9874b1bd035eca640a4d5b787a1e4fcc) Importer(815301076,1909f56bfc062723c751e8b465ee728b)
Start importing Assets/GAME/Model/Models/Monsters Ultimate Pack 01 Cute Series/Monsters Ultimate Pack 01 Cute Series/Bat Lord Cute Series/FBX/Bat Lord.FBX using Guid(9874b1bd035eca640a4d5b787a1e4fcc) Importer(815301076,1909f56bfc062723c751e8b465ee728b)  -> (artifact id: '6afc2cf5b2e090930133a545754ddd7b') in 0.055656 seconds 
========================================================================
Received Import Request.
  Time since last request: 0.000048 seconds.
  path: Assets/MarketAssets/Toony Colors Pro/Editor/Fonts/Roboto/Roboto-Medium.ttf
  artifactKey: Guid(fbfe696d18b99b946afae6126b37c025) Importer(815301076,1909f56bfc062723c751e8b465ee728b)
Start importing Assets/MarketAssets/Toony Colors Pro/Editor/Fonts/Roboto/Roboto-Medium.ttf using Guid(fbfe696d18b99b946afae6126b37c025) Importer(815301076,1909f56bfc062723c751e8b465ee728b)  -> (artifact id: 'f9042e887e04c91efa4573b236782235') in 0.030150 seconds 
========================================================================
Received Import Request.
  Time since last request: 0.000025 seconds.
  path: Assets/MarketAssets/3rdParty/Polygon Arsenal/Materials/Solids/PolyLitSurface.mat
  artifactKey: Guid(be228499b18f1344caf9d8104b8bcd99) Importer(815301076,1909f56bfc062723c751e8b465ee728b)
Start importing Assets/MarketAssets/3rdParty/Polygon Arsenal/Materials/Solids/PolyLitSurface.mat using Guid(be228499b18f1344caf9d8104b8bcd99) Importer(815301076,1909f56bfc062723c751e8b465ee728b)  -> (artifact id: '4f300332e66e077db7e8a0d6583fbc19') in 0.020562 seconds 
========================================================================
Received Import Request.
  Time since last request: 0.000030 seconds.
  path: Assets/MarketAssets/Toony Colors Pro/Demo TCP2/Cat Demo Assets/Materials/Cat/TCP2_Demo_CatFlat style4.mat
  artifactKey: Guid(5f57daf66e29c524ea0ccce8927c37eb) Importer(815301076,1909f56bfc062723c751e8b465ee728b)
Start importing Assets/MarketAssets/Toony Colors Pro/Demo TCP2/Cat Demo Assets/Materials/Cat/TCP2_Demo_CatFlat style4.mat using Guid(5f57daf66e29c524ea0ccce8927c37eb) Importer(815301076,1909f56bfc062723c751e8b465ee728b)  -> (artifact id: '438af49d078074ef496f33a93fe9b941') in 0.022919 seconds 
========================================================================
Received Import Request.
  Time since last request: 0.000028 seconds.
  path: Assets/MarketAssets/Toony Colors Pro/Demo TCP2/Cat Demo Assets/Materials/Cat/TCP2_Demo_Cat style4.mat
  artifactKey: Guid(f27241a35d0496e4cbcff6bf4deef185) Importer(815301076,1909f56bfc062723c751e8b465ee728b)
Start importing Assets/MarketAssets/Toony Colors Pro/Demo TCP2/Cat Demo Assets/Materials/Cat/TCP2_Demo_Cat style4.mat using Guid(f27241a35d0496e4cbcff6bf4deef185) Importer(815301076,1909f56bfc062723c751e8b465ee728b)  -> (artifact id: '0b146b3be4eedde783123b795909bd7a') in 0.024019 seconds 
========================================================================
Received Import Request.
  Time since last request: 0.000047 seconds.
  path: Assets/MarketAssets/Toony Colors Pro/Demo TCP2/Cat Demo Assets/Materials/UnityChan/TCP2_Demo_UnityChan style3 body.mat
  artifactKey: Guid(3c65ec09b26d7c94db9198ef5a0667b5) Importer(815301076,1909f56bfc062723c751e8b465ee728b)
Start importing Assets/MarketAssets/Toony Colors Pro/Demo TCP2/Cat Demo Assets/Materials/UnityChan/TCP2_Demo_UnityChan style3 body.mat using Guid(3c65ec09b26d7c94db9198ef5a0667b5) Importer(815301076,1909f56bfc062723c751e8b465ee728b)  -> (artifact id: 'e38dfe2fbae58e9baca9ba3f08308418') in 0.023828 seconds 
========================================================================
Received Import Request.
  Time since last request: 0.000029 seconds.
  path: Assets/MarketAssets/Epic Toon FX/Materials/Basics/ring_nofade_ADD.mat
  artifactKey: Guid(9eb479f5a4882b2448c5740a38a0cdc0) Importer(815301076,1909f56bfc062723c751e8b465ee728b)
Start importing Assets/MarketAssets/Epic Toon FX/Materials/Basics/ring_nofade_ADD.mat using Guid(9eb479f5a4882b2448c5740a38a0cdc0) Importer(815301076,1909f56bfc062723c751e8b465ee728b)  -> (artifact id: '4f9eb65d9ceb84a1eef42e96319ea9ad') in 0.019059 seconds 
========================================================================
Received Import Request.
  Time since last request: 0.000038 seconds.
  path: Assets/GAME/Model/Models/Monsters Ultimate Pack 01 Cute Series/Monsters Ultimate Pack 01 Cute Series/Fungi Cute Series/FBX/Fungi@Die.FBX
  artifactKey: Guid(fe0488cc2a323364bb532732b8b36a65) Importer(815301076,1909f56bfc062723c751e8b465ee728b)
Start importing Assets/GAME/Model/Models/Monsters Ultimate Pack 01 Cute Series/Monsters Ultimate Pack 01 Cute Series/Fungi Cute Series/FBX/Fungi@Die.FBX using Guid(fe0488cc2a323364bb532732b8b36a65) Importer(815301076,1909f56bfc062723c751e8b465ee728b)  -> (artifact id: '6c0f466e0b2aafa823ffd063a0c305eb') in 0.040072 seconds 
========================================================================
Received Import Request.
  Time since last request: 1.440757 seconds.
  path: Assets/MarketAssets/Toony Colors Pro/Demo TCP2/Cat Demo Assets/Models/UnityChan_Normals_Edit.fbx
  artifactKey: Guid(9f0dec5bd214e1644b5720785852d158) Importer(815301076,1909f56bfc062723c751e8b465ee728b)
Start importing Assets/MarketAssets/Toony Colors Pro/Demo TCP2/Cat Demo Assets/Models/UnityChan_Normals_Edit.fbx using Guid(9f0dec5bd214e1644b5720785852d158) Importer(815301076,1909f56bfc062723c751e8b465ee728b)  -> (artifact id: '77b9db0d14e8c452c0f0abc30563c9aa') in 0.066570 seconds 
========================================================================
Received Import Request.
  Time since last request: 0.000027 seconds.
  path: Assets/MarketAssets/StylizedWater2/Models/HighPoly_Circle.watermesh
  artifactKey: Guid(1ab718e1f8990cc4982762d0d4450410) Importer(815301076,1909f56bfc062723c751e8b465ee728b)
Start importing Assets/MarketAssets/StylizedWater2/Models/HighPoly_Circle.watermesh using Guid(1ab718e1f8990cc4982762d0d4450410) Importer(815301076,1909f56bfc062723c751e8b465ee728b)  -> (artifact id: '473db43751c51de14817dfddfcc20cba') in 0.076750 seconds 
========================================================================
Received Import Request.
  Time since last request: 0.000058 seconds.
  path: Assets/GAME/Model/Models/Monsters Ultimate Pack 02 Cute Series/Monsters Ultimate Pack 02 Cute Series/Hermit King Cute Series/FBX/Hermit King@Take Damage.FBX
  artifactKey: Guid(f84e8704d05db994e979aebb834ec7ac) Importer(815301076,1909f56bfc062723c751e8b465ee728b)
Start importing Assets/GAME/Model/Models/Monsters Ultimate Pack 02 Cute Series/Monsters Ultimate Pack 02 Cute Series/Hermit King Cute Series/FBX/Hermit King@Take Damage.FBX using Guid(f84e8704d05db994e979aebb834ec7ac) Importer(815301076,1909f56bfc062723c751e8b465ee728b)  -> (artifact id: '669bd73434e3ac1d754b213a89807143') in 0.059911 seconds 
========================================================================
Received Import Request.
  Time since last request: 0.000031 seconds.
  path: Assets/MarketAssets/Toony Colors Pro/Demo TCP2/Cat Demo Assets/Models/TCP2_Demo_Island.fbx
  artifactKey: Guid(fbf2ea20d3a19334591584b8b599fcf4) Importer(815301076,1909f56bfc062723c751e8b465ee728b)
Start importing Assets/MarketAssets/Toony Colors Pro/Demo TCP2/Cat Demo Assets/Models/TCP2_Demo_Island.fbx using Guid(fbf2ea20d3a19334591584b8b599fcf4) Importer(815301076,1909f56bfc062723c751e8b465ee728b)  -> (artifact id: 'e7fb6a27194e4596aa4310d7d08ec719') in 0.029819 seconds 
========================================================================
Received Import Request.
  Time since last request: 0.000042 seconds.
  path: Assets/GAME/Model/Models/Monsters Ultimate Pack 02 Cute Series/Monsters Ultimate Pack 02 Cute Series/Blossom Cute Series/FBX/Blossom@Die.FBX
  artifactKey: Guid(ec38d706ca13f4f458082135e52d177f) Importer(815301076,1909f56bfc062723c751e8b465ee728b)
Start importing Assets/GAME/Model/Models/Monsters Ultimate Pack 02 Cute Series/Monsters Ultimate Pack 02 Cute Series/Blossom Cute Series/FBX/Blossom@Die.FBX using Guid(ec38d706ca13f4f458082135e52d177f) Importer(815301076,1909f56bfc062723c751e8b465ee728b)  -> (artifact id: '494dd15b8ccc158ae78cb013b1ef1875') in 0.055776 seconds 
========================================================================
Received Import Request.
  Time since last request: 0.000036 seconds.
  path: Assets/MarketAssets/Realistic Hands - animated for VR/models/hands.fbx
  artifactKey: Guid(168ca3ccfe8938149a1dc4b13a48d337) Importer(815301076,1909f56bfc062723c751e8b465ee728b)
Start importing Assets/MarketAssets/Realistic Hands - animated for VR/models/hands.fbx using Guid(168ca3ccfe8938149a1dc4b13a48d337) Importer(815301076,1909f56bfc062723c751e8b465ee728b)  -> (artifact id: '9dec94e236080e372e5084674f7966a0') in 0.045789 seconds 
========================================================================
Received Import Request.
  Time since last request: 0.000024 seconds.
  path: Assets/GAME/Model/Models/Monsters Ultimate Pack 02 Cute Series/Monsters Ultimate Pack 02 Cute Series/Hermit King Cute Series/FBX/Hermit King@Hide.FBX
  artifactKey: Guid(712988563fb104346be2ba0891c6d794) Importer(815301076,1909f56bfc062723c751e8b465ee728b)
Start importing Assets/GAME/Model/Models/Monsters Ultimate Pack 02 Cute Series/Monsters Ultimate Pack 02 Cute Series/Hermit King Cute Series/FBX/Hermit King@Hide.FBX using Guid(712988563fb104346be2ba0891c6d794) Importer(815301076,1909f56bfc062723c751e8b465ee728b)  -> (artifact id: '1d3455e10c95f1d0f4ecdeae7ca32f8c') in 0.042450 seconds 
========================================================================
Received Import Request.
  Time since last request: 0.000026 seconds.
  path: Assets/GAME/Model/Models/Monsters Ultimate Pack 02 Cute Series/Monsters Ultimate Pack 02 Cute Series/Bloom Cute Series/FBX/Bloom.FBX
  artifactKey: Guid(f3a9d63130d316f4fa89c717a14a4ec8) Importer(815301076,1909f56bfc062723c751e8b465ee728b)
Start importing Assets/GAME/Model/Models/Monsters Ultimate Pack 02 Cute Series/Monsters Ultimate Pack 02 Cute Series/Bloom Cute Series/FBX/Bloom.FBX using Guid(f3a9d63130d316f4fa89c717a14a4ec8) Importer(815301076,1909f56bfc062723c751e8b465ee728b)  -> (artifact id: '63084e87ca645d286fd1ab7e5a0555ee') in 0.039393 seconds 
========================================================================
Received Import Request.
  Time since last request: 0.000041 seconds.
  path: Assets/MarketAssets/Toony Colors Pro/Demo TCP2/Cat Demo Assets/Models/Cat_Normals_Edit.fbx
  artifactKey: Guid(6362f2b4a5492fe41b577c2a85e36e00) Importer(815301076,1909f56bfc062723c751e8b465ee728b)
Start importing Assets/MarketAssets/Toony Colors Pro/Demo TCP2/Cat Demo Assets/Models/Cat_Normals_Edit.fbx using Guid(6362f2b4a5492fe41b577c2a85e36e00) Importer(815301076,1909f56bfc062723c751e8b465ee728b)  -> (artifact id: 'debd762a8691bf9d8e9d03e9419c7258') in 0.036685 seconds 
========================================================================
Received Import Request.
  Time since last request: 0.000033 seconds.
  path: Assets/GAME/Model/Models/Monsters Ultimate Pack 02 Cute Series/Monsters Ultimate Pack 02 Cute Series/Dragon Inferno Cute Series/FBX/Dragon Inferno@Fly Wind Attack.FBX
  artifactKey: Guid(8206fdbcca2522749b1ddc4806e1226e) Importer(815301076,1909f56bfc062723c751e8b465ee728b)
Start importing Assets/GAME/Model/Models/Monsters Ultimate Pack 02 Cute Series/Monsters Ultimate Pack 02 Cute Series/Dragon Inferno Cute Series/FBX/Dragon Inferno@Fly Wind Attack.FBX using Guid(8206fdbcca2522749b1ddc4806e1226e) Importer(815301076,1909f56bfc062723c751e8b465ee728b)  -> (artifact id: '263acf3c9a7f852b1712fdd0cb007824') in 0.046761 seconds 
========================================================================
Received Import Request.
  Time since last request: 0.000028 seconds.
  path: Assets/GAME/Model/Models/Monsters Ultimate Pack 02 Cute Series/Monsters Ultimate Pack 02 Cute Series/Dragon Fire Cute Series/FBX/Dragon Fire@Fly Idle.FBX
  artifactKey: Guid(dd953e7476ae8234d96d2dfb7d9ab2f5) Importer(815301076,1909f56bfc062723c751e8b465ee728b)
Start importing Assets/GAME/Model/Models/Monsters Ultimate Pack 02 Cute Series/Monsters Ultimate Pack 02 Cute Series/Dragon Fire Cute Series/FBX/Dragon Fire@Fly Idle.FBX using Guid(dd953e7476ae8234d96d2dfb7d9ab2f5) Importer(815301076,1909f56bfc062723c751e8b465ee728b)  -> (artifact id: '4a2deac92e7da0f15fe85fc6f5bd5f11') in 0.043265 seconds 
========================================================================
Received Import Request.
  Time since last request: 0.000036 seconds.
  path: Assets/MarketAssets/Toony Colors Pro/Demo TCP2/Cat Demo Assets/Models/TCP2_Demo_Car01.fbx
  artifactKey: Guid(d2a22acf6eca7414a9eb64df4114c786) Importer(815301076,1909f56bfc062723c751e8b465ee728b)
Start importing Assets/MarketAssets/Toony Colors Pro/Demo TCP2/Cat Demo Assets/Models/TCP2_Demo_Car01.fbx using Guid(d2a22acf6eca7414a9eb64df4114c786) Importer(815301076,1909f56bfc062723c751e8b465ee728b)  -> (artifact id: 'edcaa175a1db35a737cb9eabdb0731c9') in 0.046333 seconds 
========================================================================
Received Import Request.
  Time since last request: 0.000026 seconds.
  path: Assets/GAME/Model/Models/Monsters Ultimate Pack 01 Cute Series/Monsters Ultimate Pack 01 Cute Series/Bee Cute Series/FBX/Bee@Take Damage.FBX
  artifactKey: Guid(72ec4f617b2b6c1429d60e035ba3b6b0) Importer(815301076,1909f56bfc062723c751e8b465ee728b)
Start importing Assets/GAME/Model/Models/Monsters Ultimate Pack 01 Cute Series/Monsters Ultimate Pack 01 Cute Series/Bee Cute Series/FBX/Bee@Take Damage.FBX using Guid(72ec4f617b2b6c1429d60e035ba3b6b0) Importer(815301076,1909f56bfc062723c751e8b465ee728b)  -> (artifact id: '489d9521477b6d295baf156e26b83f17') in 0.033411 seconds 
========================================================================
Received Import Request.
  Time since last request: 0.000033 seconds.
  path: Assets/GAME/Model/Models/Monsters Ultimate Pack 02 Cute Series/Monsters Ultimate Pack 02 Cute Series/Bloom Cute Series/FBX/Bloom@Projectile Attack Trajectory.FBX
  artifactKey: Guid(1226d90b8a635364f8eb13bb4c516c03) Importer(815301076,1909f56bfc062723c751e8b465ee728b)
Start importing Assets/GAME/Model/Models/Monsters Ultimate Pack 02 Cute Series/Monsters Ultimate Pack 02 Cute Series/Bloom Cute Series/FBX/Bloom@Projectile Attack Trajectory.FBX using Guid(1226d90b8a635364f8eb13bb4c516c03) Importer(815301076,1909f56bfc062723c751e8b465ee728b)  -> (artifact id: 'fed603f6e9d7965b3ebd57991fa1ebf7') in 0.041881 seconds 
========================================================================
Received Import Request.
  Time since last request: 0.000035 seconds.
  path: Assets/GAME/Model/Models/Monsters Ultimate Pack 02 Cute Series/Monsters Ultimate Pack 02 Cute Series/Bud Cute Series/FBX/Bud.FBX
  artifactKey: Guid(2e7e8143db108b04f946266b19cb2144) Importer(815301076,1909f56bfc062723c751e8b465ee728b)
Start importing Assets/GAME/Model/Models/Monsters Ultimate Pack 02 Cute Series/Monsters Ultimate Pack 02 Cute Series/Bud Cute Series/FBX/Bud.FBX using Guid(2e7e8143db108b04f946266b19cb2144) Importer(815301076,1909f56bfc062723c751e8b465ee728b)  -> (artifact id: '470d470d8ef45a3d5665b0c5a80d90fc') in 0.034303 seconds 
========================================================================
Received Import Request.
  Time since last request: 0.000034 seconds.
  path: Assets/MarketAssets/StylizedWater2/Models/HighPoly_Plane.watermesh
  artifactKey: Guid(1e01d80fdc2155d4692276500db33fc9) Importer(815301076,1909f56bfc062723c751e8b465ee728b)
Start importing Assets/MarketAssets/StylizedWater2/Models/HighPoly_Plane.watermesh using Guid(1e01d80fdc2155d4692276500db33fc9) Importer(815301076,1909f56bfc062723c751e8b465ee728b)  -> (artifact id: '9515513ab018e97c65b7d146ff2d716e') in 0.022712 seconds 
========================================================================
Received Import Request.
  Time since last request: 0.000037 seconds.
  path: Assets/GAME/Model/Models/Monsters Ultimate Pack 02 Cute Series/Monsters Ultimate Pack 02 Cute Series/Hermit King Cute Series/FBX/Hermit King@Idle.FBX
  artifactKey: Guid(c70f87141bcb61943b1b8802040b1ddc) Importer(815301076,1909f56bfc062723c751e8b465ee728b)
Start importing Assets/GAME/Model/Models/Monsters Ultimate Pack 02 Cute Series/Monsters Ultimate Pack 02 Cute Series/Hermit King Cute Series/FBX/Hermit King@Idle.FBX using Guid(c70f87141bcb61943b1b8802040b1ddc) Importer(815301076,1909f56bfc062723c751e8b465ee728b)  -> (artifact id: '2f420062adfeb9b00e9e3096017f09af') in 0.038065 seconds 
========================================================================
Received Import Request.
  Time since last request: 0.000027 seconds.
  path: Assets/GAME/Model/Models/Monsters Ultimate Pack 02 Cute Series/Monsters Ultimate Pack 02 Cute Series/Dragon Spark Cute Series/FBX/Dragon Spark@Projectile Attack.FBX
  artifactKey: Guid(6985ad2f09dd4824793c2140309026eb) Importer(815301076,1909f56bfc062723c751e8b465ee728b)
Start importing Assets/GAME/Model/Models/Monsters Ultimate Pack 02 Cute Series/Monsters Ultimate Pack 02 Cute Series/Dragon Spark Cute Series/FBX/Dragon Spark@Projectile Attack.FBX using Guid(6985ad2f09dd4824793c2140309026eb) Importer(815301076,1909f56bfc062723c751e8b465ee728b)  -> (artifact id: '0c2dcd009618431256c8639d72ba6b9a') in 0.038889 seconds 
========================================================================
Received Import Request.
  Time since last request: 0.000032 seconds.
  path: Assets/GAME/Model/Models/Monsters Ultimate Pack 02 Cute Series/Monsters Ultimate Pack 02 Cute Series/Dragon Fire Cute Series/FBX/Dragon Fire@Cast Spell.FBX
  artifactKey: Guid(61e3c68fd3db67642af8322a6b4c981c) Importer(815301076,1909f56bfc062723c751e8b465ee728b)
Start importing Assets/GAME/Model/Models/Monsters Ultimate Pack 02 Cute Series/Monsters Ultimate Pack 02 Cute Series/Dragon Fire Cute Series/FBX/Dragon Fire@Cast Spell.FBX using Guid(61e3c68fd3db67642af8322a6b4c981c) Importer(815301076,1909f56bfc062723c751e8b465ee728b)  -> (artifact id: '06491784f3589141be992d3dbf176c30') in 0.042988 seconds 
Editor requested this worker to shutdown with reason: Scaling down because of idle timeout
AssetImportWorker is now disconnected from the server
Process exiting
Exiting without the bug reporter. Application will terminate with return code 0